0 info it worked if it ends with ok
1 verbose cli [ '/usr/local/heroku/bin/node', '/usr/bin/npm', 'run', 'compile' ]
2 info using npm@3.10.10
3 info using node@v8.4.0
4 verbose run-script [ 'precompile', 'compile', 'postcompile' ]
5 info lifecycle reactapp4@1.0.0~precompile: reactapp4@1.0.0
6 silly lifecycle reactapp4@1.0.0~precompile: no script for precompile, continuing
7 info lifecycle reactapp4@1.0.0~compile: reactapp4@1.0.0
8 verbose lifecycle reactapp4@1.0.0~compile: unsafe-perm in lifecycle true
9 verbose lifecycle reactapp4@1.0.0~compile: PATH: /usr/lib/node_modules/npm/bin/node-gyp-bin:/home/luffy/reactProjects/reactapp/node_modules/.bin:/home/luffy/.rbenv/plugins/ruby-build/bin:/home/luffy/.rbenv/shims:/home/luffy/.rbenv/bin:/usr/local/heroku/bin:/home/luffy/.rbenv/plugins/ruby-build/bin:/home/luffy/.rbenv/plugins/ruby-build/bin:/home/luffy/.rbenv/shims:/home/luffy/.rbenv/bin:/usr/local/sbin:/usr/local/bin:/usr/sbin:/usr/bin:/sbin:/bin:/usr/games:/usr/local/games:/snap/bin:/usr/lib/jvm/java-8-oracle/bin:/usr/lib/jvm/java-8-oracle/db/bin:/usr/lib/jvm/java-8-oracle/jre/bin
10 verbose lifecycle reactapp4@1.0.0~compile: CWD: /home/luffy/reactProjects/reactapp
11 silly lifecycle reactapp4@1.0.0~compile: Args: [ '-c', 'webpack' ]
12 silly lifecycle reactapp4@1.0.0~compile: Returned: code: 2  signal: null
13 info lifecycle reactapp4@1.0.0~compile: Failed to exec compile script
14 verbose stack Error: reactapp4@1.0.0 compile: `webpack`
14 verbose stack Exit status 2
14 verbose stack     at EventEmitter.<anonymous> (/usr/lib/node_modules/npm/lib/utils/lifecycle.js:255:16)
14 verbose stack     at emitTwo (events.js:125:13)
14 verbose stack     at EventEmitter.emit (events.js:213:7)
14 verbose stack     at ChildProcess.<anonymous> (/usr/lib/node_modules/npm/lib/utils/spawn.js:40:14)
14 verbose stack     at emitTwo (events.js:125:13)
14 verbose stack     at ChildProcess.emit (events.js:213:7)
14 verbose stack     at maybeClose (internal/child_process.js:927:16)
14 verbose stack     at Process.ChildProcess._handle.onexit (internal/child_process.js:211:5)
15 verbose pkgid reactapp4@1.0.0
16 verbose cwd /home/luffy/reactProjects/reactapp
17 error Linux 4.4.0-101-generic
18 error argv "/usr/local/heroku/bin/node" "/usr/bin/npm" "run" "compile"
19 error node v8.4.0
20 error npm  v3.10.10
21 error code ELIFECYCLE
22 error reactapp4@1.0.0 compile: `webpack`
22 error Exit status 2
23 error Failed at the reactapp4@1.0.0 compile script 'webpack'.
23 error Make sure you have the latest version of node.js and npm installed.
23 error If you do, this is most likely a problem with the reactapp4 package,
23 error not with npm itself.
23 error Tell the author that this fails on your system:
23 error     webpack
23 error You can get information on how to open an issue for this project with:
23 error     npm bugs reactapp4
23 error Or if that isn't available, you can get their info via:
23 error     npm owner ls reactapp4
23 error There is likely additional logging output above.
24 verbose exit [ 1, true ]
